<?xml version="1.0" encoding="UTF-8"?>
<!-- Generated by org.testng.reporters.JUnitReportReporter -->
<testsuite hostname="WIN-C6M3PA3VFT9" name="testpack.smokeTest" tests="1" failures="0" timestamp="20 Jun 2014 18:01:02 GMT" time="0.013" errors="0">
  <testcase name="sTest" time="0.013" classname="testpack.smokeTest"/>
</testsuite> <!-- testpack.smokeTest -->
